2024-07-23 11:05:42
Список записей с некорректной датой: 
Model{username='afanasev', fio='Афанасьев михаил юрьевич', accessDate='', application='mobile'}
Model{username='evlamp', fio='Богатый Евлампий Игоревич', accessDate='2020-05-19 09:59', application='mobile'}
Model{username='farin', fio='фарин георгий григорьевич', accessDate='2023-15-20 06:00:20', application='other: ATM'}
2024-07-23 11:37:18
Список записей с некорректной датой: 
Model{username='afanasev', fio='Афанасьев михаил юрьевич', accessDate='', application='mobile'}
Model{username='evlamp', fio='Богатый Евлампий Игоревич', accessDate='2020-05-19 09:59', application='mobile'}
Model{username='farin', fio='фарин георгий григорьевич', accessDate='2023-15-20 06:00:20', application='other: ATM'}
2024-07-23 11:38:19
Список записей с некорректной датой: 
Model{username='afanasev', fio='Афанасьев михаил юрьевич', accessDate='', application='mobile'}
Model{username='evlamp', fio='Богатый Евлампий Игоревич', accessDate='2020-05-19 09:59', application='mobile'}
Model{username='farin', fio='фарин георгий григорьевич', accessDate='2023-15-20 06:00:20', application='other: ATM'}
2024-07-23 11:39:33
Список записей с некорректной датой: 
Model{username='afanasev', fio='Афанасьев михаил юрьевич', accessDate='', application='mobile'}
Model{username='evlamp', fio='Богатый Евлампий Игоревич', accessDate='2020-05-19 09:59', application='mobile'}
Model{username='farin', fio='фарин георгий григорьевич', accessDate='2023-15-20 06:00:20', application='other: ATM'}
2024-07-23 11:46:11
Список записей с некорректной датой: 
Model{username='afanasev', fio='Афанасьев михаил юрьевич', accessDate='', application='mobile'}
Model{username='evlamp', fio='Богатый Евлампий Игоревич', accessDate='2020-05-19 09:59', application='mobile'}
2024-07-23 11:47:15
Список записей с некорректной датой: 
Model{username='afanasev', fio='Афанасьев михаил юрьевич', accessDate='', application='mobile'}
Model{username='evlamp', fio='Богатый Евлампий Игоревич', accessDate='2020-05-19 09:59', application='mobile'}
2024-07-23 11:47:31
Список записей с некорректной датой: 
Model{username='afanasev', fio='Афанасьев михаил юрьевич', accessDate='', application='mobile'}
Model{username='evlamp', fio='Богатый Евлампий Игоревич', accessDate='2020-05-19 09:59', application='mobile'}
2024-07-23 11:54:37
Список записей с некорректной датой: 
Model{username='afanasev', fio='Афанасьев михаил юрьевич', accessDate='', application='mobile'}
Model{username='evlamp', fio='Богатый Евлампий Игоревич', accessDate='2020-05-19 09:59', application='mobile'}
2024-07-23 11:54:50
Список записей с некорректной датой: 
Model{username='afanasev', fio='Афанасьев михаил юрьевич', accessDate='', application='mobile'}
Model{username='evlamp', fio='Богатый Евлампий Игоревич', accessDate='2020-05-19 09:59', application='mobile'}
2024-07-23 12:00:05
Список записей с некорректной датой: 
Model{username='afanasev', fio='Афанасьев михаил юрьевич', accessDate='', application='mobile'}
Model{username='evlamp', fio='Богатый Евлампий Игоревич', accessDate='2020-05-19 09:59', application='mobile'}
2024-07-23 12:02:19
Список записей с некорректной датой: 
Model{username='afanasev', fio='Афанасьев михаил юрьевич', accessDate='', application='mobile'}
Model{username='evlamp', fio='Богатый Евлампий Игоревич', accessDate='2020-05-19 09:59', application='mobile'}
2024-07-23 12:02:45
Список записей с некорректной датой: 
Model{username='afanasev', fio='Афанасьев михаил юрьевич', accessDate='', application='mobile'}
Model{username='evlamp', fio='Богатый Евлампий Игоревич', accessDate='2020-05-19 09:59', application='mobile'}
2024-07-23 12:13:00
Список записей с некорректной датой: 
Model{username='afanasev', fio='Афанасьев михаил юрьевич', accessDate='', application='mobile'}
Model{username='evlamp', fio='Богатый Евлампий Игоревич', accessDate='2020-05-19 09:59', application='mobile'}
2024-07-23 12:20:41
Список записей с некорректной датой: 
Model{username='afanasev', fio='Афанасьев михаил юрьевич', accessDate='', application='mobile'}
Model{username='evlamp', fio='Богатый Евлампий Игоревич', accessDate='2020-05-19 09:59', application='mobile'}
2024-07-23 12:21:36
Список записей с некорректной датой: 
Model{username='afanasev', fio='Афанасьев михаил юрьевич', accessDate='', application='mobile'}
Model{username='evlamp', fio='Богатый Евлампий Игоревич', accessDate='2020-05-19 09:59', application='mobile'}
2024-07-23 12:21:51
Список записей с некорректной датой: 
Model{username='afanasev', fio='Афанасьев михаил юрьевич', accessDate='', application='mobile'}
Model{username='evlamp', fio='Богатый Евлампий Игоревич', accessDate='2020-05-19 09:59', application='mobile'}
2024-07-23 12:25:56
Список записей с некорректной датой: 
Model{username='afanasev', fio='Афанасьев михаил юрьевич', accessDate='', application='mobile'}
Model{username='evlamp', fio='Богатый Евлампий Игоревич', accessDate='2020-05-19 09:59', application='mobile'}
2024-07-23 15:29:01
Список записей с некорректной датой: 
Model{username='afanasev', fio='Афанасьев михаил юрьевич', accessDate='', application='mobile'}
Model{username='evlamp', fio='Богатый Евлампий Игоревич', accessDate='2020-05-19 09:59', application='mobile'}
2024-07-23 15:29:38
Список записей с некорректной датой: 
Model{username='afanasev', fio='Афанасьев михаил юрьевич', accessDate='', application='mobile'}
Model{username='evlamp', fio='Богатый Евлампий Игоревич', accessDate='2020-05-19 09:59', application='mobile'}
2024-07-23 15:31:04
Список записей с некорректной датой: 
Model{username='afanasev', fio='Афанасьев михаил юрьевич', accessDate='', application='mobile'}
Model{username='evlamp', fio='Богатый Евлампий Игоревич', accessDate='2020-05-19 09:59', application='mobile'}
2024-07-23 15:31:52
Список записей с некорректной датой: 
Model{username='afanasev', fio='Афанасьев михаил юрьевич', accessDate='', application='mobile'}
Model{username='evlamp', fio='Богатый Евлампий Игоревич', accessDate='2020-05-19 09:59', application='mobile'}
2024-07-23 15:32:23
Список записей с некорректной датой: 
Model{username='afanasev', fio='Афанасьев михаил юрьевич', accessDate='', application='mobile'}
Model{username='evlamp', fio='Богатый Евлампий Игоревич', accessDate='2020-05-19 09:59', application='mobile'}
2024-07-23 15:32:41
Список записей с некорректной датой: 
Model{username='afanasev', fio='Афанасьев михаил юрьевич', accessDate='', application='mobile'}
Model{username='evlamp', fio='Богатый Евлампий Игоревич', accessDate='2020-05-19 09:59', application='mobile'}
2024-07-23 15:34:17
Список записей с некорректной датой: 
Model{username='afanasev', fio='Афанасьев михаил юрьевич', accessDate='', application='mobile'}
Model{username='evlamp', fio='Богатый Евлампий Игоревич', accessDate='2020-05-19 09:59', application='mobile'}
2024-07-23 15:36:08
Список записей с некорректной датой: 
Model{username='afanasev', fio='Афанасьев михаил юрьевич', accessDate='', application='mobile'}
Model{username='evlamp', fio='Богатый Евлампий Игоревич', accessDate='2020-05-19 09:59', application='mobile'}
2024-07-23 17:01:22
Список записей с некорректной датой: 
Model{username='afanasev', fio='Афанасьев михаил юрьевич', accessDate='', application='mobile'}
Model{username='evlamp', fio='Богатый Евлампий Игоревич', accessDate='2020-05-19 09:59', application='mobile'}
2024-07-23 17:52:57
Список записей с некорректной датой: 
Model{username='afanasev', fio='Афанасьев Михаил Юрьевич', accessDate='2020-20-18 09:59:00', application='ATM'}
